<?xml version="1.0" encoding="UTF-8"?>
<beans xmlns="http://www.springframework.org/schema/beans"
	xmlns:xsi="http://www.w3.org/2001/XMLSchema-instance"
	xmlns:jdbc="http://www.springframework.org/schema/jdbc"
	xmlns:jpa="http://www.springframework.org/schema/data/jpa"
	xmlns:p="http://www.springframework.org/schema/p"
	xmlns:tx="http://www.springframework.org/schema/tx"
	xmlns:repository="http://www.springframework.org/schema/data/repository"
	xsi:schemaLocation="http://www.springframework.org/schema/beans http://www.springframework.org/schema/beans/spring-beans-3.1.xsd
		http://www.springframework.org/schema/jdbc http://www.springframework.org/schema/jdbc/spring-jdbc-3.1.xsd
		http://www.springframework.org/schema/data/jpa http://www.springframework.org/schema/data/jpa/spring-jpa-1.1.xsd
		http://www.springframework.org/schema/data/repository http://www.springframework.org/schema/data/repository/spring-repository-1.0.xsd
		http://www.springframework.org/schema/tx http://www.springframework.org/schema/tx/spring-tx-3.1.xsd">

    <jdbc:embedded-database id="dataSource">
        <jdbc:script location="classpath:schema.sql"/>
        <jdbc:script location="classpath:test-data.sql"/>
    </jdbc:embedded-database>

    <bean id="entityManagerFactory" class="org.springframework.orm.jpa.LocalContainerEntityManagerFactoryBean"
          p:data-source-ref="dataSource" p:persistence-xml-location="classpath:test-persistence.xml" p:jpaDialect-ref="jpaDialect">
    </bean>

    <tx:annotation-driven transaction-manager="transactionManager"/>  

    <bean id="jpaDialect" class="org.springframework.orm.jpa.vendor.HibernateJpaDialect" />

    <bean id="transactionManager" class="org.springframework.orm.jpa.JpaTransactionManager"
          p:entity-manager-factory-ref="entityManagerFactory">
    </bean>

    <jpa:repositories base-package="com.poolborges.example.springdata.repository" />
</beans>
